2017-03-28 21:02:53 Error: [MissingControllerException] Controller class HousesController could not be found.
Exception Attributes: array (
  'class' => 'HousesController',
  'plugin' => NULL,
)
Request URL: /houses/house_detail/78/SELL/07-09-2016
Stack Trace:
#0 /home/mybuye4p/public_html/mybuy4u.co.in/app/webroot/index.php(111): Dispatcher->dispatch(Object(CakeRequest), Object(CakeResponse))
#1 {main}
2017-03-28 21:15:44 Error: [MissingControllerException] Controller class BoutiquesController could not be found.
Exception Attributes: array (
  'class' => 'BoutiquesController',
  'plugin' => NULL,
)
Request URL: /boutiques/shop_detail/230/shop_tab.ctp
Stack Trace:
#0 /home/mybuye4p/public_html/mybuy4u.co.in/app/webroot/index.php(111): Dispatcher->dispatch(Object(CakeRequest), Object(CakeResponse))
#1 {main}
2017-03-28 21:15:57 Error: [MissingControllerException] Controller class LandsController could not be found.
Exception Attributes: array (
  'class' => 'LandsController',
  'plugin' => NULL,
)
Request URL: /lands/land_detail/31/BUY/10-03-2016
Stack Trace:
#0 /home/mybuye4p/public_html/mybuy4u.co.in/app/webroot/index.php(111): Dispatcher->dispatch(Object(CakeRequest), Object(CakeResponse))
#1 {main}
2017-03-28 21:17:52 Error: [MissingControllerException] Controller class HousesController could not be found.
Exception Attributes: array (
  'class' => 'HousesController',
  'plugin' => NULL,
)
Request URL: /houses/house_detail/27/rent/01-24-2016
Stack Trace:
#0 /home/mybuye4p/public_html/mybuy4u.co.in/app/webroot/index.php(111): Dispatcher->dispatch(Object(CakeRequest), Object(CakeResponse))
#1 {main}
2017-03-28 21:20:52 Error: [MissingControllerException] Controller class HousesController could not be found.
Exception Attributes: array (
  'class' => 'HousesController',
  'plugin' => NULL,
)
Request URL: /houses/house_detail/104/RENT/05-25-2016
Stack Trace:
#0 /home/mybuye4p/public_html/mybuy4u.co.in/app/webroot/index.php(111): Dispatcher->dispatch(Object(CakeRequest), Object(CakeResponse))
#1 {main}
2017-03-28 21:23:45 Error: [MissingControllerException] Controller class Robots.txtController could not be found.
Exception Attributes: array (
  'class' => 'Robots.txtController',
  'plugin' => NULL,
)
Request URL: /robots.txt
Stack Trace:
#0 /home/mybuye4p/public_html/mybuy4u.co.in/app/webroot/index.php(111): Dispatcher->dispatch(Object(CakeRequest), Object(CakeResponse))
#1 {main}
2017-03-28 21:45:39 Error: [MissingControllerException] Controller class Robots.txtController could not be found.
Exception Attributes: array (
  'class' => 'Robots.txtController',
  'plugin' => NULL,
)
Request URL: /robots.txt
Stack Trace:
#0 /home/mybuye4p/public_html/mybuy4u.co.in/app/webroot/index.php(111): Dispatcher->dispatch(Object(CakeRequest), Object(CakeResponse))
#1 {main}
2017-03-28 21:45:52 Error: [MissingControllerException] Controller class JsController could not be found.
Exception Attributes: array (
  'class' => 'JsController',
  'plugin' => NULL,
)
Request URL: /js/tiny_mce/tiny_mce/tiny_mce.js
Stack Trace:
#0 /home/mybuye4p/public_html/mybuy4u.co.in/app/webroot/index.php(111): Dispatcher->dispatch(Object(CakeRequest), Object(CakeResponse))
#1 {main}
2017-03-28 21:48:56 Error: [MissingControllerException] Controller class JsController could not be found.
Exception Attributes: array (
  'class' => 'JsController',
  'plugin' => NULL,
)
Request URL: /js/ckeditor/ckeditor.js
Stack Trace:
#0 /home/mybuye4p/public_html/mybuy4u.co.in/app/webroot/index.php(111): Dispatcher->dispatch(Object(CakeRequest), Object(CakeResponse))
#1 {main}
2017-03-28 21:53:11 Error: [MissingControllerException] Controller class LandsController could not be found.
Exception Attributes: array (
  'class' => 'LandsController',
  'plugin' => NULL,
)
Request URL: /lands/land_detail/10/BUY/09-25-2016
Stack Trace:
#0 /home/mybuye4p/public_html/mybuy4u.co.in/app/webroot/index.php(111): Dispatcher->dispatch(Object(CakeRequest), Object(CakeResponse))
#1 {main}
2017-03-28 21:59:18 Error: [MissingControllerException] Controller class JsController could not be found.
Exception Attributes: array (
  'class' => 'JsController',
  'plugin' => NULL,
)
Request URL: /js/ckeditor/ckeditor.js
Stack Trace:
#0 /home/mybuye4p/public_html/mybuy4u.co.in/app/webroot/index.php(111): Dispatcher->dispatch(Object(CakeRequest), Object(CakeResponse))
#1 {main}
2017-03-28 22:15:04 Error: [MissingControllerException] Controller class HardwaresController could not be found.
Exception Attributes: array (
  'class' => 'HardwaresController',
  'plugin' => NULL,
)
Request URL: /hardwares/shop_detail/166/shop_tab.ctp
Stack Trace:
#0 /home/mybuye4p/public_html/mybuy4u.co.in/app/webroot/index.php(111): Dispatcher->dispatch(Object(CakeRequest), Object(CakeResponse))
#1 {main}
2017-03-28 22:15:27 Error: [MissingControllerException] Controller class JsController could not be found.
Exception Attributes: array (
  'class' => 'JsController',
  'plugin' => NULL,
)
Request URL: /js/ckeditor/ckeditor.js
Stack Trace:
#0 /home/mybuye4p/public_html/mybuy4u.co.in/app/webroot/index.php(111): Dispatcher->dispatch(Object(CakeRequest), Object(CakeResponse))
#1 {main}
2017-03-28 22:22:54 Error: [MissingControllerException] Controller class JsController could not be found.
Exception Attributes: array (
  'class' => 'JsController',
  'plugin' => NULL,
)
Request URL: /js/ckeditor/ckeditor.js
Stack Trace:
#0 /home/mybuye4p/public_html/mybuy4u.co.in/app/webroot/index.php(111): Dispatcher->dispatch(Object(CakeRequest), Object(CakeResponse))
#1 {main}
2017-03-28 22:28:15 Error: [MissingControllerException] Controller class Robots.txtController could not be found.
Exception Attributes: array (
  'class' => 'Robots.txtController',
  'plugin' => NULL,
)
Request URL: /robots.txt
Stack Trace:
#0 /home/mybuye4p/public_html/mybuy4u.co.in/app/webroot/index.php(111): Dispatcher->dispatch(Object(CakeRequest), Object(CakeResponse))
#1 {main}
2017-03-28 22:39:20 Error: [MissingControllerException] Controller class FurnituresController could not be found.
Exception Attributes: array (
  'class' => 'FurnituresController',
  'plugin' => NULL,
)
Request URL: /furnitures/shop_detail/1417/page:8
Stack Trace:
#0 /home/mybuye4p/public_html/mybuy4u.co.in/app/webroot/index.php(111): Dispatcher->dispatch(Object(CakeRequest), Object(CakeResponse))
#1 {main}
2017-03-28 22:48:55 Error: [MissingControllerException] Controller class JsController could not be found.
Exception Attributes: array (
  'class' => 'JsController',
  'plugin' => NULL,
)
Request URL: /js/ckeditor/ckeditor.js
Stack Trace:
#0 /home/mybuye4p/public_html/mybuy4u.co.in/app/webroot/index.php(111): Dispatcher->dispatch(Object(CakeRequest), Object(CakeResponse))
#1 {main}
2017-03-28 22:58:36 Error: [MissingControllerException] Controller class JsController could not be found.
Exception Attributes: array (
  'class' => 'JsController',
  'plugin' => NULL,
)
Request URL: /js/ckeditor/ckeditor.js
Stack Trace:
#0 /home/mybuye4p/public_html/mybuy4u.co.in/app/webroot/index.php(111): Dispatcher->dispatch(Object(CakeRequest), Object(CakeResponse))
#1 {main}
2017-03-28 23:20:56 Error: [MissingControllerException] Controller class JsController could not be found.
Exception Attributes: array (
  'class' => 'JsController',
  'plugin' => NULL,
)
Request URL: /js/ckeditor/ckeditor.js
Stack Trace:
#0 /home/mybuye4p/public_html/mybuy4u.co.in/app/webroot/index.php(111): Dispatcher->dispatch(Object(CakeRequest), Object(CakeResponse))
#1 {main}
2017-03-28 23:34:14 Error: [MissingControllerException] Controller class JsController could not be found.
Exception Attributes: array (
  'class' => 'JsController',
  'plugin' => NULL,
)
Request URL: /js/ckeditor/ckeditor.js
Stack Trace:
#0 /home/mybuye4p/public_html/mybuy4u.co.in/app/webroot/index.php(111): Dispatcher->dispatch(Object(CakeRequest), Object(CakeResponse))
#1 {main}
2017-03-28 23:47:53 Error: [MissingControllerException] Controller class JsController could not be found.
Exception Attributes: array (
  'class' => 'JsController',
  'plugin' => NULL,
)
Request URL: /js/ckeditor/ckeditor.js
Stack Trace:
#0 /home/mybuye4p/public_html/mybuy4u.co.in/app/webroot/index.php(111): Dispatcher->dispatch(Object(CakeRequest), Object(CakeResponse))
#1 {main}
2017-03-28 23:50:02 Error: [MissingControllerException] Controller class UsrController could not be found.
Exception Attributes: array (
  'class' => 'UsrController',
  'plugin' => NULL,
)
Request URL: /usr/local/userPhotos/HOUSE/6/P1010003.JPG
Stack Trace:
#0 /home/mybuye4p/public_html/mybuy4u.co.in/app/webroot/index.php(111): Dispatcher->dispatch(Object(CakeRequest), Object(CakeResponse))
#1 {main}
2017-03-28 23:56:17 Error: [MissingControllerException] Controller class JsController could not be found.
Exception Attributes: array (
  'class' => 'JsController',
  'plugin' => NULL,
)
Request URL: /js/ckeditor/ckeditor.js
Stack Trace:
#0 /home/mybuye4p/public_html/mybuy4u.co.in/app/webroot/index.php(111): Dispatcher->dispatch(Object(CakeRequest), Object(CakeResponse))
#1 {main}
2017-03-28 23:56:49 Error: [MissingControllerException] Controller class BoutiquesController could not be found.
Exception Attributes: array (
  'class' => 'BoutiquesController',
  'plugin' => NULL,
)
Request URL: /boutiques/shop_detail/116/shop_tab.ctp
Stack Trace:
#0 /home/mybuye4p/public_html/mybuy4u.co.in/app/webroot/index.php(111): Dispatcher->dispatch(Object(CakeRequest), Object(CakeResponse))
#1 {main}
2017-03-29 00:17:26 Error: [MissingControllerException] Controller class JsController could not be found.
Exception Attributes: array (
  'class' => 'JsController',
  'plugin' => NULL,
)
Request URL: /js/ckeditor/ckeditor.js
Stack Trace:
#0 /home/mybuye4p/public_html/mybuy4u.co.in/app/webroot/index.php(111): Dispatcher->dispatch(Object(CakeRequest), Object(CakeResponse))
#1 {main}
2017-03-29 00:24:04 Error: [MissingControllerException] Controller class JsController could not be found.
Exception Attributes: array (
  'class' => 'JsController',
  'plugin' => NULL,
)
Request URL: /js/ckeditor/ckeditor.js
Stack Trace:
#0 /home/mybuye4p/public_html/mybuy4u.co.in/app/webroot/index.php(111): Dispatcher->dispatch(Object(CakeRequest), Object(CakeResponse))
#1 {main}
2017-03-29 00:24:20 Error: [MissingControllerException] Controller class JsController could not be found.
Exception Attributes: array (
  'class' => 'JsController',
  'plugin' => NULL,
)
Request URL: /js/ckeditor/ckeditor.js
Stack Trace:
#0 /home/mybuye4p/public_html/mybuy4u.co.in/app/webroot/index.php(111): Dispatcher->dispatch(Object(CakeRequest), Object(CakeResponse))
#1 {main}
2017-03-29 00:35:14 Error: [MissingControllerException] Controller class ShopsController could not be found.
Exception Attributes: array (
  'class' => 'ShopsController',
  'plugin' => NULL,
)
Request URL: /shops/online_shop_detail/1505/shop_tab.ctp
Stack Trace:
#0 /home/mybuye4p/public_html/mybuy4u.co.in/app/webroot/index.php(111): Dispatcher->dispatch(Object(CakeRequest), Object(CakeResponse))
#1 {main}
2017-03-29 00:51:00 Error: [MissingControllerException] Controller class ShopsController could not be found.
Exception Attributes: array (
  'class' => 'ShopsController',
  'plugin' => NULL,
)
Request URL: /shops/online_shop_detail/387/shop_tab.ctp
Stack Trace:
#0 /home/mybuye4p/public_html/mybuy4u.co.in/app/webroot/index.php(111): Dispatcher->dispatch(Object(CakeRequest), Object(CakeResponse))
#1 {main}
2017-03-29 00:59:41 Error: [MissingControllerException] Controller class Robots.txtController could not be found.
Exception Attributes: array (
  'class' => 'Robots.txtController',
  'plugin' => NULL,
)
Request URL: /robots.txt
Stack Trace:
#0 /home/mybuye4p/public_html/mybuy4u.co.in/app/webroot/index.php(111): Dispatcher->dispatch(Object(CakeRequest), Object(CakeResponse))
#1 {main}
2017-03-29 00:59:54 Error: [MissingControllerException] Controller class JsController could not be found.
Exception Attributes: array (
  'class' => 'JsController',
  'plugin' => NULL,
)
Request URL: /js/ckeditor/ckeditor.js
Stack Trace:
#0 /home/mybuye4p/public_html/mybuy4u.co.in/app/webroot/index.php(111): Dispatcher->dispatch(Object(CakeRequest), Object(CakeResponse))
#1 {main}
2017-03-29 02:07:50 Error: [MissingControllerException] Controller class JewelriesController could not be found.
Exception Attributes: array (
  'class' => 'JewelriesController',
  'plugin' => NULL,
)
Request URL: /jewelries/shop_detail/104/shop_tab.ctp
Stack Trace:
#0 /home/mybuye4p/public_html/mybuy4u.co.in/app/webroot/index.php(111): Dispatcher->dispatch(Object(CakeRequest), Object(CakeResponse))
#1 {main}
2017-03-29 03:00:08 Error: [MissingControllerException] Controller class JewelriesController could not be found.
Exception Attributes: array (
  'class' => 'JewelriesController',
  'plugin' => NULL,
)
Request URL: /jewelries/shop_detail/1860/1
Stack Trace:
#0 /home/mybuye4p/public_html/mybuy4u.co.in/app/webroot/index.php(111): Dispatcher->dispatch(Object(CakeRequest), Object(CakeResponse))
#1 {main}
2017-03-29 03:29:20 Error: [MissingControllerException] Controller class HardwaresController could not be found.
Exception Attributes: array (
  'class' => 'HardwaresController',
  'plugin' => NULL,
)
Request URL: /hardwares/shop_detail/1645/page:2
Stack Trace:
#0 /home/mybuye4p/public_html/mybuy4u.co.in/app/webroot/index.php(111): Dispatcher->dispatch(Object(CakeRequest), Object(CakeResponse))
#1 {main}
2017-03-29 04:16:53 Error: [MissingControllerException] Controller class Robots.txtController could not be found.
Exception Attributes: array (
  'class' => 'Robots.txtController',
  'plugin' => NULL,
)
Request URL: /robots.txt
Stack Trace:
#0 /home/mybuye4p/public_html/mybuy4u.co.in/app/webroot/index.php(111): Dispatcher->dispatch(Object(CakeRequest), Object(CakeResponse))
#1 {main}
2017-03-29 05:15:10 Error: [MissingControllerException] Controller class UsrController could not be found.
Exception Attributes: array (
  'class' => 'UsrController',
  'plugin' => NULL,
)
Request URL: /usr/local/userPhotos/HOUSE/6/P1010003.JPG
Stack Trace:
#0 /home/mybuye4p/public_html/mybuy4u.co.in/app/webroot/index.php(111): Dispatcher->dispatch(Object(CakeRequest), Object(CakeResponse))
#1 {main}
2017-03-29 05:40:52 Error: [MissingControllerException] Controller class Robots.txtController could not be found.
Exception Attributes: array (
  'class' => 'Robots.txtController',
  'plugin' => NULL,
)
Request URL: /robots.txt
Stack Trace:
#0 /home/mybuye4p/public_html/mybuy4u.co.in/app/webroot/index.php(111): Dispatcher->dispatch(Object(CakeRequest), Object(CakeResponse))
#1 {main}
2017-03-29 06:15:27 Error: [MissingControllerException] Controller class HousesController could not be found.
Exception Attributes: array (
  'class' => 'HousesController',
  'plugin' => NULL,
)
Request URL: /houses/house_detail/79/SELL/06-01-2016
Stack Trace:
#0 /home/mybuye4p/public_html/mybuy4u.co.in/app/webroot/index.php(111): Dispatcher->dispatch(Object(CakeRequest), Object(CakeResponse))
#1 {main}
2017-03-29 06:16:44 Error: [MissingControllerException] Controller class UsrController could not be found.
Exception Attributes: array (
  'class' => 'UsrController',
  'plugin' => NULL,
)
Request URL: /usr/local/userPhotos/HOUSE/6/P1010003.JPG
Stack Trace:
#0 /home/mybuye4p/public_html/mybuy4u.co.in/app/webroot/index.php(111): Dispatcher->dispatch(Object(CakeRequest), Object(CakeResponse))
#1 {main}
2017-03-29 06:18:20 Error: [MissingControllerException] Controller class UsrController could not be found.
Exception Attributes: array (
  'class' => 'UsrController',
  'plugin' => NULL,
)
Request URL: /usr/local/userPhotos/HOUSE/6/P1010003.JPG
Stack Trace:
#0 /home/mybuye4p/public_html/mybuy4u.co.in/app/webroot/index.php(111): Dispatcher->dispatch(Object(CakeRequest), Object(CakeResponse))
#1 {main}
2017-03-29 06:20:47 Error: [MissingControllerException] Controller class Robots.txtController could not be found.
Exception Attributes: array (
  'class' => 'Robots.txtController',
  'plugin' => NULL,
)
Request URL: /robots.txt
Stack Trace:
#0 /home/mybuye4p/public_html/mybuy4u.co.in/app/webroot/index.php(111): Dispatcher->dispatch(Object(CakeRequest), Object(CakeResponse))
#1 {main}
2017-03-29 06:20:50 Error: [MissingControllerException] Controller class ShareesController could not be found.
Exception Attributes: array (
  'class' => 'ShareesController',
  'plugin' => NULL,
)
Request URL: /sharees/shop_detail/1020/shop_tab.ctp
Stack Trace:
#0 /home/mybuye4p/public_html/mybuy4u.co.in/app/webroot/index.php(111): Dispatcher->dispatch(Object(CakeRequest), Object(CakeResponse))
#1 {main}
2017-03-29 06:37:24 Error: [MissingControllerException] Controller class UsrController could not be found.
Exception Attributes: array (
  'class' => 'UsrController',
  'plugin' => NULL,
)
Request URL: /usr/local/userPhotos/HOUSE/6/P1010003.JPG
Stack Trace:
#0 /home/mybuye4p/public_html/mybuy4u.co.in/app/webroot/index.php(111): Dispatcher->dispatch(Object(CakeRequest), Object(CakeResponse))
#1 {main}
2017-03-29 06:45:28 Error: [MissingControllerException] Controller class ShopsController could not be found.
Exception Attributes: array (
  'class' => 'ShopsController',
  'plugin' => NULL,
)
Request URL: /shops/online_shop_detail/331/shop_tab.ctp
Stack Trace:
#0 /home/mybuye4p/public_html/mybuy4u.co.in/app/webroot/index.php(111): Dispatcher->dispatch(Object(CakeRequest), Object(CakeResponse))
#1 {main}
2017-03-29 07:28:01 Error: [MissingControllerException] Controller class UsrController could not be found.
Exception Attributes: array (
  'class' => 'UsrController',
  'plugin' => NULL,
)
Request URL: /usr/local/userPhotos/HOUSE/6/P1010003.JPG
Stack Trace:
#0 /home/mybuye4p/public_html/mybuy4u.co.in/app/webroot/index.php(111): Dispatcher->dispatch(Object(CakeRequest), Object(CakeResponse))
#1 {main}
2017-03-29 07:35:07 Error: [MissingControllerException] Controller class BingSiteAuth.xmlController could not be found.
Exception Attributes: array (
  'class' => 'BingSiteAuth.xmlController',
  'plugin' => NULL,
)
Request URL: /BingSiteAuth.xml
Stack Trace:
#0 /home/mybuye4p/public_html/mybuy4u.co.in/app/webroot/index.php(111): Dispatcher->dispatch(Object(CakeRequest), Object(CakeResponse))
#1 {main}
2017-03-29 07:35:07 Error: [MissingControllerException] Controller class Bingsiteauth.xmlController could not be found.
Exception Attributes: array (
  'class' => 'Bingsiteauth.xmlController',
  'plugin' => NULL,
)
Request URL: /bingsiteauth.xml
Stack Trace:
#0 /home/mybuye4p/public_html/mybuy4u.co.in/app/webroot/index.php(111): Dispatcher->dispatch(Object(CakeRequest), Object(CakeResponse))
#1 {main}
2017-03-29 07:35:08 Error: [MissingControllerException] Controller class LiveSearchSiteAuth.xmlController could not be found.
Exception Attributes: array (
  'class' => 'LiveSearchSiteAuth.xmlController',
  'plugin' => NULL,
)
Request URL: /LiveSearchSiteAuth.xml
Stack Trace:
#0 /home/mybuye4p/public_html/mybuy4u.co.in/app/webroot/index.php(111): Dispatcher->dispatch(Object(CakeRequest), Object(CakeResponse))
#1 {main}
2017-03-29 07:35:34 Error: [MissingControllerException] Controller class BingSiteAuth.xmlController could not be found.
Exception Attributes: array (
  'class' => 'BingSiteAuth.xmlController',
  'plugin' => NULL,
)
Request URL: /BingSiteAuth.xml
Stack Trace:
#0 /home/mybuye4p/public_html/mybuy4u.co.in/app/webroot/index.php(111): Dispatcher->dispatch(Object(CakeRequest), Object(CakeResponse))
#1 {main}
2017-03-29 07:35:34 Error: [MissingControllerException] Controller class Bingsiteauth.xmlController could not be found.
Exception Attributes: array (
  'class' => 'Bingsiteauth.xmlController',
  'plugin' => NULL,
)
Request URL: /bingsiteauth.xml
Stack Trace:
#0 /home/mybuye4p/public_html/mybuy4u.co.in/app/webroot/index.php(111): Dispatcher->dispatch(Object(CakeRequest), Object(CakeResponse))
#1 {main}
2017-03-29 07:35:35 Error: [MissingControllerException] Controller class LiveSearchSiteAuth.xmlController could not be found.
Exception Attributes: array (
  'class' => 'LiveSearchSiteAuth.xmlController',
  'plugin' => NULL,
)
Request URL: /LiveSearchSiteAuth.xml
Stack Trace:
#0 /home/mybuye4p/public_html/mybuy4u.co.in/app/webroot/index.php(111): Dispatcher->dispatch(Object(CakeRequest), Object(CakeResponse))
#1 {main}
2017-03-29 07:37:24 Error: [MissingControllerException] Controller class BingSiteAuth.xmlController could not be found.
Exception Attributes: array (
  'class' => 'BingSiteAuth.xmlController',
  'plugin' => NULL,
)
Request URL: /BingSiteAuth.xml
Stack Trace:
#0 /home/mybuye4p/public_html/mybuy4u.co.in/app/webroot/index.php(111): Dispatcher->dispatch(Object(CakeRequest), Object(CakeResponse))
#1 {main}
2017-03-29 07:37:25 Error: [MissingControllerException] Controller class Bingsiteauth.xmlController could not be found.
Exception Attributes: array (
  'class' => 'Bingsiteauth.xmlController',
  'plugin' => NULL,
)
Request URL: /bingsiteauth.xml
Stack Trace:
#0 /home/mybuye4p/public_html/mybuy4u.co.in/app/webroot/index.php(111): Dispatcher->dispatch(Object(CakeRequest), Object(CakeResponse))
#1 {main}
2017-03-29 07:37:25 Error: [MissingControllerException] Controller class LiveSearchSiteAuth.xmlController could not be found.
Exception Attributes: array (
  'class' => 'LiveSearchSiteAuth.xmlController',
  'plugin' => NULL,
)
Request URL: /LiveSearchSiteAuth.xml
Stack Trace:
#0 /home/mybuye4p/public_html/mybuy4u.co.in/app/webroot/index.php(111): Dispatcher->dispatch(Object(CakeRequest), Object(CakeResponse))
#1 {main}
2017-03-29 07:56:10 Error: [MissingControllerException] Controller class BingSiteAuth.xmlController could not be found.
Exception Attributes: array (
  'class' => 'BingSiteAuth.xmlController',
  'plugin' => NULL,
)
Request URL: /BingSiteAuth.xml
Stack Trace:
#0 /home/mybuye4p/public_html/mybuy4u.co.in/app/webroot/index.php(111): Dispatcher->dispatch(Object(CakeRequest), Object(CakeResponse))
#1 {main}
2017-03-29 07:56:11 Error: [MissingControllerException] Controller class Bingsiteauth.xmlController could not be found.
Exception Attributes: array (
  'class' => 'Bingsiteauth.xmlController',
  'plugin' => NULL,
)
Request URL: /bingsiteauth.xml
Stack Trace:
#0 /home/mybuye4p/public_html/mybuy4u.co.in/app/webroot/index.php(111): Dispatcher->dispatch(Object(CakeRequest), Object(CakeResponse))
#1 {main}
2017-03-29 07:56:11 Error: [MissingControllerException] Controller class LiveSearchSiteAuth.xmlController could not be found.
Exception Attributes: array (
  'class' => 'LiveSearchSiteAuth.xmlController',
  'plugin' => NULL,
)
Request URL: /LiveSearchSiteAuth.xml
Stack Trace:
#0 /home/mybuye4p/public_html/mybuy4u.co.in/app/webroot/index.php(111): Dispatcher->dispatch(Object(CakeRequest), Object(CakeResponse))
#1 {main}
2017-03-29 08:03:28 Error: [MissingControllerException] Controller class FurnituresController could not be found.
Exception Attributes: array (
  'class' => 'FurnituresController',
  'plugin' => NULL,
)
Request URL: /furnitures/shop_detail/254/shop_tab.ctp
Stack Trace:
#0 /home/mybuye4p/public_html/mybuy4u.co.in/app/webroot/index.php(111): Dispatcher->dispatch(Object(CakeRequest), Object(CakeResponse))
#1 {main}
2017-03-29 08:12:54 Error: [MissingControllerException] Controller class JsController could not be found.
Exception Attributes: array (
  'class' => 'JsController',
  'plugin' => NULL,
)
Request URL: /js/ckeditor/ckeditor.js
Stack Trace:
#0 /home/mybuye4p/public_html/mybuy4u.co.in/app/webroot/index.php(111): Dispatcher->dispatch(Object(CakeRequest), Object(CakeResponse))
#1 {main}
2017-03-29 08:12:55 Error: [MissingControllerException] Controller class JsController could not be found.
Exception Attributes: array (
  'class' => 'JsController',
  'plugin' => NULL,
)
Request URL: /js/tiny_mce/tiny_mce/tiny_mce.js
Stack Trace:
#0 /home/mybuye4p/public_html/mybuy4u.co.in/app/webroot/index.php(111): Dispatcher->dispatch(Object(CakeRequest), Object(CakeResponse))
#1 {main}
2017-03-29 08:12:58 Error: [MissingControllerException] Controller class JsController could not be found.
Exception Attributes: array (
  'class' => 'JsController',
  'plugin' => NULL,
)
Request URL: /js/tiny_mce/tiny_mce/tiny_mce.js
Stack Trace:
#0 /home/mybuye4p/public_html/mybuy4u.co.in/app/webroot/index.php(111): Dispatcher->dispatch(Object(CakeRequest), Object(CakeResponse))
#1 {main}
2017-03-29 08:13:06 Error: [MissingControllerException] Controller class ImagesController could not be found.
Exception Attributes: array (
  'class' => 'ImagesController',
  'plugin' => NULL,
)
Request URL: /images/main_content1.png
Stack Trace:
#0 /home/mybuye4p/public_html/mybuy4u.co.in/app/webroot/index.php(111): Dispatcher->dispatch(Object(CakeRequest), Object(CakeResponse))
#1 {main}
2017-03-29 08:13:10 Error: [MissingActionException] Action HomesController::favicon.ico() could not be found.
Exception Attributes: array (
  'controller' => 'HomesController',
  'action' => 'favicon.ico',
)
Request URL: /homes/favicon.ico
Stack Trace:
#0 /home/mybuye4p/public_html/mybuy4u.co.in/lib/Cake/Routing/Dispatcher.php(185): Controller->invokeAction(Object(CakeRequest))
#1 /home/mybuye4p/public_html/mybuy4u.co.in/lib/Cake/Routing/Dispatcher.php(160): Dispatcher->_invoke(Object(HomesController), Object(CakeRequest), Object(CakeResponse))
#2 /home/mybuye4p/public_html/mybuy4u.co.in/app/webroot/index.php(111): Dispatcher->dispatch(Object(CakeRequest), Object(CakeResponse))
#3 {main}
2017-03-29 08:19:54 Error: [MissingControllerException] Controller class JsController could not be found.
Exception Attributes: array (
  'class' => 'JsController',
  'plugin' => NULL,
)
Request URL: /js/ckeditor/ckeditor.js
Stack Trace:
#0 /home/mybuye4p/public_html/mybuy4u.co.in/app/webroot/index.php(111): Dispatcher->dispatch(Object(CakeRequest), Object(CakeResponse))
#1 {main}
2017-03-29 08:19:55 Error: [MissingControllerException] Controller class JsController could not be found.
Exception Attributes: array (
  'class' => 'JsController',
  'plugin' => NULL,
)
Request URL: /js/tiny_mce/tiny_mce/tiny_mce.js
Stack Trace:
#0 /home/mybuye4p/public_html/mybuy4u.co.in/app/webroot/index.php(111): Dispatcher->dispatch(Object(CakeRequest), Object(CakeResponse))
#1 {main}
2017-03-29 08:19:58 Error: [MissingControllerException] Controller class JsController could not be found.
Exception Attributes: array (
  'class' => 'JsController',
  'plugin' => NULL,
)
Request URL: /js/tiny_mce/tiny_mce/tiny_mce.js
Stack Trace:
#0 /home/mybuye4p/public_html/mybuy4u.co.in/app/webroot/index.php(111): Dispatcher->dispatch(Object(CakeRequest), Object(CakeResponse))
#1 {main}
2017-03-29 08:20:07 Error: [MissingControllerException] Controller class ImagesController could not be found.
Exception Attributes: array (
  'class' => 'ImagesController',
  'plugin' => NULL,
)
Request URL: /images/main_content1.png
Stack Trace:
#0 /home/mybuye4p/public_html/mybuy4u.co.in/app/webroot/index.php(111): Dispatcher->dispatch(Object(CakeRequest), Object(CakeResponse))
#1 {main}
2017-03-29 08:20:15 Error: [MissingActionException] Action HomesController::favicon.ico() could not be found.
Exception Attributes: array (
  'controller' => 'HomesController',
  'action' => 'favicon.ico',
)
Request URL: /homes/favicon.ico
Stack Trace:
#0 /home/mybuye4p/public_html/mybuy4u.co.in/lib/Cake/Routing/Dispatcher.php(185): Controller->invokeAction(Object(CakeRequest))
#1 /home/mybuye4p/public_html/mybuy4u.co.in/lib/Cake/Routing/Dispatcher.php(160): Dispatcher->_invoke(Object(HomesController), Object(CakeRequest), Object(CakeResponse))
#2 /home/mybuye4p/public_html/mybuy4u.co.in/app/webroot/index.php(111): Dispatcher->dispatch(Object(CakeRequest), Object(CakeResponse))
#3 {main}
2017-03-29 08:21:38 Error: [MissingActionException] Action HomesController::favicon.ico() could not be found.
Exception Attributes: array (
  'controller' => 'HomesController',
  'action' => 'favicon.ico',
)
Request URL: /homes/favicon.ico
Stack Trace:
#0 /home/mybuye4p/public_html/mybuy4u.co.in/lib/Cake/Routing/Dispatcher.php(185): Controller->invokeAction(Object(CakeRequest))
#1 /home/mybuye4p/public_html/mybuy4u.co.in/lib/Cake/Routing/Dispatcher.php(160): Dispatcher->_invoke(Object(HomesController), Object(CakeRequest), Object(CakeResponse))
#2 /home/mybuye4p/public_html/mybuy4u.co.in/app/webroot/index.php(111): Dispatcher->dispatch(Object(CakeRequest), Object(CakeResponse))
#3 {main}
2017-03-29 08:21:38 Error: [MissingControllerException] Controller class JsController could not be found.
Exception Attributes: array (
  'class' => 'JsController',
  'plugin' => NULL,
)
Request URL: /js/ckeditor/ckeditor.js
Stack Trace:
#0 /home/mybuye4p/public_html/mybuy4u.co.in/app/webroot/index.php(111): Dispatcher->dispatch(Object(CakeRequest), Object(CakeResponse))
#1 {main}
2017-03-29 08:21:39 Error: [MissingControllerException] Controller class JsController could not be found.
Exception Attributes: array (
  'class' => 'JsController',
  'plugin' => NULL,
)
Request URL: /js/tiny_mce/tiny_mce/tiny_mce.js
Stack Trace:
#0 /home/mybuye4p/public_html/mybuy4u.co.in/app/webroot/index.php(111): Dispatcher->dispatch(Object(CakeRequest), Object(CakeResponse))
#1 {main}
2017-03-29 08:21:43 Error: [MissingControllerException] Controller class JsController could not be found.
Exception Attributes: array (
  'class' => 'JsController',
  'plugin' => NULL,
)
Request URL: /js/tiny_mce/tiny_mce/tiny_mce.js
Stack Trace:
#0 /home/mybuye4p/public_html/mybuy4u.co.in/app/webroot/index.php(111): Dispatcher->dispatch(Object(CakeRequest), Object(CakeResponse))
#1 {main}
2017-03-29 08:21:49 Error: [MissingControllerException] Controller class ImagesController could not be found.
Exception Attributes: array (
  'class' => 'ImagesController',
  'plugin' => NULL,
)
Request URL: /images/main_content1.png
Stack Trace:
#0 /home/mybuye4p/public_html/mybuy4u.co.in/app/webroot/index.php(111): Dispatcher->dispatch(Object(CakeRequest), Object(CakeResponse))
#1 {main}
2017-03-29 08:22:19 Error: [MissingControllerException] Controller class JsController could not be found.
Exception Attributes: array (
  'class' => 'JsController',
  'plugin' => NULL,
)
Request URL: /js/tiny_mce/tiny_mce/tiny_mce.js
Stack Trace:
#0 /home/mybuye4p/public_html/mybuy4u.co.in/app/webroot/index.php(111): Dispatcher->dispatch(Object(CakeRequest), Object(CakeResponse))
#1 {main}
2017-03-29 08:22:20 Error: [MissingControllerException] Controller class JsController could not be found.
Exception Attributes: array (
  'class' => 'JsController',
  'plugin' => NULL,
)
Request URL: /js/ckeditor/ckeditor.js
Stack Trace:
#0 /home/mybuye4p/public_html/mybuy4u.co.in/app/webroot/index.php(111): Dispatcher->dispatch(Object(CakeRequest), Object(CakeResponse))
#1 {main}
2017-03-29 08:22:21 Error: [MissingControllerException] Controller class JsController could not be found.
Exception Attributes: array (
  'class' => 'JsController',
  'plugin' => NULL,
)
Request URL: /js/tiny_mce/tiny_mce/tiny_mce.js
Stack Trace:
#0 /home/mybuye4p/public_html/mybuy4u.co.in/app/webroot/index.php(111): Dispatcher->dispatch(Object(CakeRequest), Object(CakeResponse))
#1 {main}
2017-03-29 08:22:22 Error: [MissingControllerException] Controller class ImagesController could not be found.
Exception Attributes: array (
  'class' => 'ImagesController',
  'plugin' => NULL,
)
Request URL: /images/main_content1.png
Stack Trace:
#0 /home/mybuye4p/public_html/mybuy4u.co.in/app/webroot/index.php(111): Dispatcher->dispatch(Object(CakeRequest), Object(CakeResponse))
#1 {main}
2017-03-29 08:22:26 Error: [MissingControllerException] Controller class JsController could not be found.
Exception Attributes: array (
  'class' => 'JsController',
  'plugin' => NULL,
)
Request URL: /js/ckeditor/ckeditor.js
Stack Trace:
#0 /home/mybuye4p/public_html/mybuy4u.co.in/app/webroot/index.php(111): Dispatcher->dispatch(Object(CakeRequest), Object(CakeResponse))
#1 {main}
2017-03-29 08:22:27 Error: [MissingControllerException] Controller class JsController could not be found.
Exception Attributes: array (
  'class' => 'JsController',
  'plugin' => NULL,
)
Request URL: /js/tiny_mce/tiny_mce/tiny_mce.js
Stack Trace:
#0 /home/mybuye4p/public_html/mybuy4u.co.in/app/webroot/index.php(111): Dispatcher->dispatch(Object(CakeRequest), Object(CakeResponse))
#1 {main}
2017-03-29 08:22:30 Error: [MissingControllerException] Controller class JsController could not be found.
Exception Attributes: array (
  'class' => 'JsController',
  'plugin' => NULL,
)
Request URL: /js/tiny_mce/tiny_mce/tiny_mce.js
Stack Trace:
#0 /home/mybuye4p/public_html/mybuy4u.co.in/app/webroot/index.php(111): Dispatcher->dispatch(Object(CakeRequest), Object(CakeResponse))
#1 {main}
2017-03-29 08:22:40 Error: [MissingControllerException] Controller class ImagesController could not be found.
Exception Attributes: array (
  'class' => 'ImagesController',
  'plugin' => NULL,
)
Request URL: /images/main_content1.png
Stack Trace:
#0 /home/mybuye4p/public_html/mybuy4u.co.in/app/webroot/index.php(111): Dispatcher->dispatch(Object(CakeRequest), Object(CakeResponse))
#1 {main}
2017-03-29 08:24:16 Error: [MissingControllerException] Controller class JsController could not be found.
Exception Attributes: array (
  'class' => 'JsController',
  'plugin' => NULL,
)
Request URL: /js/ckeditor/ckeditor.js
Stack Trace:
#0 /home/mybuye4p/public_html/mybuy4u.co.in/app/webroot/index.php(111): Dispatcher->dispatch(Object(CakeRequest), Object(CakeResponse))
#1 {main}
2017-03-29 08:24:17 Error: [MissingControllerException] Controller class JsController could not be found.
Exception Attributes: array (
  'class' => 'JsController',
  'plugin' => NULL,
)
Request URL: /js/tiny_mce/tiny_mce/tiny_mce.js
Stack Trace:
#0 /home/mybuye4p/public_html/mybuy4u.co.in/app/webroot/index.php(111): Dispatcher->dispatch(Object(CakeRequest), Object(CakeResponse))
#1 {main}
2017-03-29 08:24:19 Error: [MissingControllerException] Controller class JsController could not be found.
Exception Attributes: array (
  'class' => 'JsController',
  'plugin' => NULL,
)
Request URL: /js/tiny_mce/tiny_mce/tiny_mce.js
Stack Trace:
#0 /home/mybuye4p/public_html/mybuy4u.co.in/app/webroot/index.php(111): Dispatcher->dispatch(Object(CakeRequest), Object(CakeResponse))
#1 {main}
2017-03-29 08:24:28 Error: [MissingControllerException] Controller class ImagesController could not be found.
Exception Attributes: array (
  'class' => 'ImagesController',
  'plugin' => NULL,
)
Request URL: /images/main_content1.png
Stack Trace:
#0 /home/mybuye4p/public_html/mybuy4u.co.in/app/webroot/index.php(111): Dispatcher->dispatch(Object(CakeRequest), Object(CakeResponse))
#1 {main}
2017-03-29 08:26:35 Error: [MissingControllerException] Controller class JsController could not be found.
Exception Attributes: array (
  'class' => 'JsController',
  'plugin' => NULL,
)
Request URL: /js/ckeditor/ckeditor.js
Stack Trace:
#0 /home/mybuye4p/public_html/mybuy4u.co.in/app/webroot/index.php(111): Dispatcher->dispatch(Object(CakeRequest), Object(CakeResponse))
#1 {main}
2017-03-29 08:26:36 Error: [MissingControllerException] Controller class JsController could not be found.
Exception Attributes: array (
  'class' => 'JsController',
  'plugin' => NULL,
)
Request URL: /js/tiny_mce/tiny_mce/tiny_mce.js
Stack Trace:
#0 /home/mybuye4p/public_html/mybuy4u.co.in/app/webroot/index.php(111): Dispatcher->dispatch(Object(CakeRequest), Object(CakeResponse))
#1 {main}
2017-03-29 08:26:40 Error: [MissingControllerException] Controller class JsController could not be found.
Exception Attributes: array (
  'class' => 'JsController',
  'plugin' => NULL,
)
Request URL: /js/tiny_mce/tiny_mce/tiny_mce.js
Stack Trace:
#0 /home/mybuye4p/public_html/mybuy4u.co.in/app/webroot/index.php(111): Dispatcher->dispatch(Object(CakeRequest), Object(CakeResponse))
#1 {main}
2017-03-29 08:26:51 Error: [MissingControllerException] Controller class ImagesController could not be found.
Exception Attributes: array (
  'class' => 'ImagesController',
  'plugin' => NULL,
)
Request URL: /images/main_content1.png
Stack Trace:
#0 /home/mybuye4p/public_html/mybuy4u.co.in/app/webroot/index.php(111): Dispatcher->dispatch(Object(CakeRequest), Object(CakeResponse))
#1 {main}
2017-03-29 08:57:59 Error: [MissingControllerException] Controller class Robots.txtController could not be found.
Exception Attributes: array (
  'class' => 'Robots.txtController',
  'plugin' => NULL,
)
Request URL: /robots.txt
Stack Trace:
#0 /home/mybuye4p/public_html/mybuy4u.co.in/app/webroot/index.php(111): Dispatcher->dispatch(Object(CakeRequest), Object(CakeResponse))
#1 {main}
2017-03-29 10:03:29 Error: [MissingControllerException] Controller class FurnituresController could not be found.
Exception Attributes: array (
  'class' => 'FurnituresController',
  'plugin' => NULL,
)
Request URL: /furnitures/shop_detail/1417/page:8
Stack Trace:
#0 /home/mybuye4p/public_html/mybuy4u.co.in/app/webroot/index.php(111): Dispatcher->dispatch(Object(CakeRequest), Object(CakeResponse))
#1 {main}
2017-03-29 10:12:59 Error: [MissingControllerException] Controller class Robots.txtController could not be found.
Exception Attributes: array (
  'class' => 'Robots.txtController',
  'plugin' => NULL,
)
Request URL: /robots.txt
Stack Trace:
#0 /home/mybuye4p/public_html/mybuy4u.co.in/app/webroot/index.php(111): Dispatcher->dispatch(Object(CakeRequest), Object(CakeResponse))
#1 {main}
2017-03-29 10:17:13 Error: [MissingControllerException] Controller class HousesController could not be found.
Exception Attributes: array (
  'class' => 'HousesController',
  'plugin' => NULL,
)
Request URL: /houses/house_detail/42/SELL/09-14-2016
Stack Trace:
#0 /home/mybuye4p/public_html/mybuy4u.co.in/app/webroot/index.php(111): Dispatcher->dispatch(Object(CakeRequest), Object(CakeResponse))
#1 {main}
2017-03-29 10:46:22 Error: [MissingControllerException] Controller class HousesController could not be found.
Exception Attributes: array (
  'class' => 'HousesController',
  'plugin' => NULL,
)
Request URL: /houses/house_detail/101/RENT/06-11-2016
Stack Trace:
#0 /home/mybuye4p/public_html/mybuy4u.co.in/app/webroot/index.php(111): Dispatcher->dispatch(Object(CakeRequest), Object(CakeResponse))
#1 {main}
2017-03-29 10:51:46 Error: [MissingControllerException] Controller class Robots.txtController could not be found.
Exception Attributes: array (
  'class' => 'Robots.txtController',
  'plugin' => NULL,
)
Request URL: /robots.txt
Stack Trace:
#0 /home/mybuye4p/public_html/mybuy4u.co.in/app/webroot/index.php(111): Dispatcher->dispatch(Object(CakeRequest), Object(CakeResponse))
#1 {main}
2017-03-29 10:51:47 Error: [MissingControllerException] Controller class CssController could not be found.
Exception Attributes: array (
  'class' => 'CssController',
  'plugin' => NULL,
)
Request URL: /css/onlineShop.css
Stack Trace:
#0 /home/mybuye4p/public_html/mybuy4u.co.in/app/webroot/index.php(111): Dispatcher->dispatch(Object(CakeRequest), Object(CakeResponse))
#1 {main}
2017-03-29 10:51:48 Error: [MissingControllerException] Controller class JsController could not be found.
Exception Attributes: array (
  'class' => 'JsController',
  'plugin' => NULL,
)
Request URL: /js/jquery-1.8.2.min.js
Stack Trace:
#0 /home/mybuye4p/public_html/mybuy4u.co.in/app/webroot/index.php(111): Dispatcher->dispatch(Object(CakeRequest), Object(CakeResponse))
#1 {main}
2017-03-29 11:13:17 Error: [MissingControllerException] Controller class UsrController could not be found.
Exception Attributes: array (
  'class' => 'UsrController',
  'plugin' => NULL,
)
Request URL: /usr/local/userPhotos/HOUSE/6/P1010003.JPG
Stack Trace:
#0 /home/mybuye4p/public_html/mybuy4u.co.in/app/webroot/index.php(111): Dispatcher->dispatch(Object(CakeRequest), Object(CakeResponse))
#1 {main}
2017-03-29 11:27:24 Error: [MissingControllerException] Controller class UsrController could not be found.
Exception Attributes: array (
  'class' => 'UsrController',
  'plugin' => NULL,
)
Request URL: /usr/local/userPhotos/HOUSE/6/P1010003.JPG
Stack Trace:
#0 /home/mybuye4p/public_html/mybuy4u.co.in/app/webroot/index.php(111): Dispatcher->dispatch(Object(CakeRequest), Object(CakeResponse))
#1 {main}
2017-03-29 11:36:54 Error: [MissingControllerException] Controller class JsController could not be found.
Exception Attributes: array (
  'class' => 'JsController',
  'plugin' => NULL,
)
Request URL: /js/ckeditor/ckeditor.js
Stack Trace:
#0 /home/mybuye4p/public_html/mybuy4u.co.in/app/webroot/index.php(111): Dispatcher->dispatch(Object(CakeRequest), Object(CakeResponse))
#1 {main}
2017-03-29 11:36:54 Error: [MissingControllerException] Controller class JsController could not be found.
Exception Attributes: array (
  'class' => 'JsController',
  'plugin' => NULL,
)
Request URL: /js/tiny_mce/tiny_mce/tiny_mce.js
Stack Trace:
#0 /home/mybuye4p/public_html/mybuy4u.co.in/app/webroot/index.php(111): Dispatcher->dispatch(Object(CakeRequest), Object(CakeResponse))
#1 {main}
2017-03-29 11:36:54 Error: [MissingControllerException] Controller class JsController could not be found.
Exception Attributes: array (
  'class' => 'JsController',
  'plugin' => NULL,
)
Request URL: /js/tiny_mce/tiny_mce/tiny_mce.js
Stack Trace:
#0 /home/mybuye4p/public_html/mybuy4u.co.in/app/webroot/index.php(111): Dispatcher->dispatch(Object(CakeRequest), Object(CakeResponse))
#1 {main}
2017-03-29 11:36:55 Error: [MissingControllerException] Controller class JsController could not be found.
Exception Attributes: array (
  'class' => 'JsController',
  'plugin' => NULL,
)
Request URL: /js/ckeditor/ckeditor.js
Stack Trace:
#0 /home/mybuye4p/public_html/mybuy4u.co.in/app/webroot/index.php(111): Dispatcher->dispatch(Object(CakeRequest), Object(CakeResponse))
#1 {main}
2017-03-29 11:36:57 Error: [MissingControllerException] Controller class ImagesController could not be found.
Exception Attributes: array (
  'class' => 'ImagesController',
  'plugin' => NULL,
)
Request URL: /images/main_content1.png
Stack Trace:
#0 /home/mybuye4p/public_html/mybuy4u.co.in/app/webroot/index.php(111): Dispatcher->dispatch(Object(CakeRequest), Object(CakeResponse))
#1 {main}
2017-03-29 11:36:59 Error: [MissingControllerException] Controller class ImagesController could not be found.
Exception Attributes: array (
  'class' => 'ImagesController',
  'plugin' => NULL,
)
Request URL: /images/main_content1.png
Stack Trace:
#0 /home/mybuye4p/public_html/mybuy4u.co.in/app/webroot/index.php(111): Dispatcher->dispatch(Object(CakeRequest), Object(CakeResponse))
#1 {main}
2017-03-29 11:49:46 Error: [MissingControllerException] Controller class UsrController could not be found.
Exception Attributes: array (
  'class' => 'UsrController',
  'plugin' => NULL,
)
Request URL: /usr/local/userPhotos/HOUSE/6/P1010003.JPG
Stack Trace:
#0 /home/mybuye4p/public_html/mybuy4u.co.in/app/webroot/index.php(111): Dispatcher->dispatch(Object(CakeRequest), Object(CakeResponse))
#1 {main}
2017-03-29 12:15:24 Error: [MissingControllerException] Controller class Robots.txtController could not be found.
Exception Attributes: array (
  'class' => 'Robots.txtController',
  'plugin' => NULL,
)
Request URL: /robots.txt
Stack Trace:
#0 /home/mybuye4p/public_html/mybuy4u.co.in/app/webroot/index.php(111): Dispatcher->dispatch(Object(CakeRequest), Object(CakeResponse))
#1 {main}
2017-03-29 12:15:26 Error: [MissingControllerException] Controller class RController could not be found.
Exception Attributes: array (
  'class' => 'RController',
  'plugin' => NULL,
)
Request URL: /r/2217/%3C!--http://localhost/soar_demo/homes/home_sale_detail--%3E
Stack Trace:
#0 /home/mybuye4p/public_html/mybuy4u.co.in/app/webroot/index.php(111): Dispatcher->dispatch(Object(CakeRequest), Object(CakeResponse))
#1 {main}
2017-03-29 12:15:28 Error: [MissingControllerException] Controller class RController could not be found.
Exception Attributes: array (
  'class' => 'RController',
  'plugin' => NULL,
)
Request URL: /r/2218/%3C!--http://localhost/soar_demo/homes/home_sale_detail--%3E
Stack Trace:
#0 /home/mybuye4p/public_html/mybuy4u.co.in/app/webroot/index.php(111): Dispatcher->dispatch(Object(CakeRequest), Object(CakeResponse))
#1 {main}
2017-03-29 12:15:30 Error: [MissingControllerException] Controller class RController could not be found.
Exception Attributes: array (
  'class' => 'RController',
  'plugin' => NULL,
)
Request URL: /r/2219/%3C!--http://localhost/soar_demo/homes/home_sale_detail--%3E
Stack Trace:
#0 /home/mybuye4p/public_html/mybuy4u.co.in/app/webroot/index.php(111): Dispatcher->dispatch(Object(CakeRequest), Object(CakeResponse))
#1 {main}
2017-03-29 12:15:42 Error: [MissingControllerException] Controller class Controller could not be found.
Exception Attributes: array (
  'class' => 'Controller',
  'plugin' => NULL,
)
Request URL: /%3C!--http://localhost/soar_demo/homes/home_sale_detail--%3E
Stack Trace:
#0 /home/mybuye4p/public_html/mybuy4u.co.in/app/webroot/index.php(111): Dispatcher->dispatch(Object(CakeRequest), Object(CakeResponse))
#1 {main}
2017-03-29 12:15:44 Error: [MissingControllerException] Controller class Controller could not be found.
Exception Attributes: array (
  'class' => 'Controller',
  'plugin' => NULL,
)
Request URL: /%3C!--http://localhost/soar_demo/homes/home_sale_detail--%3E
Stack Trace:
#0 /home/mybuye4p/public_html/mybuy4u.co.in/app/webroot/index.php(111): Dispatcher->dispatch(Object(CakeRequest), Object(CakeResponse))
#1 {main}
2017-03-29 12:15:46 Error: [MissingControllerException] Controller class Controller could not be found.
Exception Attributes: array (
  'class' => 'Controller',
  'plugin' => NULL,
)
Request URL: /%3C!--http://localhost/soar_demo/homes/home_sale_detail--%3E
Stack Trace:
#0 /home/mybuye4p/public_html/mybuy4u.co.in/app/webroot/index.php(111): Dispatcher->dispatch(Object(CakeRequest), Object(CakeResponse))
#1 {main}
2017-03-29 12:27:57 Error: [MissingControllerException] Controller class UsrController could not be found.
Exception Attributes: array (
  'class' => 'UsrController',
  'plugin' => NULL,
)
Request URL: /usr/local/userPhotos/HOUSE/6/P1010003.JPG
Stack Trace:
#0 /home/mybuye4p/public_html/mybuy4u.co.in/app/webroot/index.php(111): Dispatcher->dispatch(Object(CakeRequest), Object(CakeResponse))
#1 {main}
2017-03-29 12:35:44 Error: [MissingControllerException] Controller class JsController could not be found.
Exception Attributes: array (
  'class' => 'JsController',
  'plugin' => NULL,
)
Request URL: /js/ckeditor/ckeditor.js
Stack Trace:
#0 /home/mybuye4p/public_html/mybuy4u.co.in/app/webroot/index.php(111): Dispatcher->dispatch(Object(CakeRequest), Object(CakeResponse))
#1 {main}
2017-03-29 12:35:44 Error: [MissingControllerException] Controller class JsController could not be found.
Exception Attributes: array (
  'class' => 'JsController',
  'plugin' => NULL,
)
Request URL: /js/tiny_mce/tiny_mce/tiny_mce.js
Stack Trace:
#0 /home/mybuye4p/public_html/mybuy4u.co.in/app/webroot/index.php(111): Dispatcher->dispatch(Object(CakeRequest), Object(CakeResponse))
#1 {main}
2017-03-29 12:35:47 Error: [MissingActionException] Action HomesController::favicon.ico() could not be found.
Exception Attributes: array (
  'controller' => 'HomesController',
  'action' => 'favicon.ico',
)
Request URL: /homes/favicon.ico
Stack Trace:
#0 /home/mybuye4p/public_html/mybuy4u.co.in/lib/Cake/Routing/Dispatcher.php(185): Controller->invokeAction(Object(CakeRequest))
#1 /home/mybuye4p/public_html/mybuy4u.co.in/lib/Cake/Routing/Dispatcher.php(160): Dispatcher->_invoke(Object(HomesController), Object(CakeRequest), Object(CakeResponse))
#2 /home/mybuye4p/public_html/mybuy4u.co.in/app/webroot/index.php(111): Dispatcher->dispatch(Object(CakeRequest), Object(CakeResponse))
#3 {main}
2017-03-29 12:35:53 Error: [MissingControllerException] Controller class ImagesController could not be found.
Exception Attributes: array (
  'class' => 'ImagesController',
  'plugin' => NULL,
)
Request URL: /images/main_content1.png
Stack Trace:
#0 /home/mybuye4p/public_html/mybuy4u.co.in/app/webroot/index.php(111): Dispatcher->dispatch(Object(CakeRequest), Object(CakeResponse))
#1 {main}
2017-03-29 12:43:49 Error: [MissingControllerException] Controller class JsController could not be found.
Exception Attributes: array (
  'class' => 'JsController',
  'plugin' => NULL,
)
Request URL: /js/ckeditor/ckeditor.js
Stack Trace:
#0 /home/mybuye4p/public_html/mybuy4u.co.in/app/webroot/index.php(111): Dispatcher->dispatch(Object(CakeRequest), Object(CakeResponse))
#1 {main}
2017-03-29 12:43:50 Error: [MissingControllerException] Controller class JsController could not be found.
Exception Attributes: array (
  'class' => 'JsController',
  'plugin' => NULL,
)
Request URL: /js/tiny_mce/tiny_mce/tiny_mce.js
Stack Trace:
#0 /home/mybuye4p/public_html/mybuy4u.co.in/app/webroot/index.php(111): Dispatcher->dispatch(Object(CakeRequest), Object(CakeResponse))
#1 {main}
2017-03-29 12:43:54 Error: [MissingControllerException] Controller class JsController could not be found.
Exception Attributes: array (
  'class' => 'JsController',
  'plugin' => NULL,
)
Request URL: /js/tiny_mce/tiny_mce/tiny_mce.js
Stack Trace:
#0 /home/mybuye4p/public_html/mybuy4u.co.in/app/webroot/index.php(111): Dispatcher->dispatch(Object(CakeRequest), Object(CakeResponse))
#1 {main}
2017-03-29 12:44:08 Error: [MissingControllerException] Controller class ImagesController could not be found.
Exception Attributes: array (
  'class' => 'ImagesController',
  'plugin' => NULL,
)
Request URL: /images/main_content1.png
Stack Trace:
#0 /home/mybuye4p/public_html/mybuy4u.co.in/app/webroot/index.php(111): Dispatcher->dispatch(Object(CakeRequest), Object(CakeResponse))
#1 {main}
2017-03-29 12:44:12 Error: [MissingActionException] Action LocalBusinessController::favicon.ico() could not be found.
Exception Attributes: array (
  'controller' => 'LocalBusinessController',
  'action' => 'favicon.ico',
)
Request URL: /local_business/favicon.ico
Stack Trace:
#0 /home/mybuye4p/public_html/mybuy4u.co.in/lib/Cake/Routing/Dispatcher.php(185): Controller->invokeAction(Object(CakeRequest))
#1 /home/mybuye4p/public_html/mybuy4u.co.in/lib/Cake/Routing/Dispatcher.php(160): Dispatcher->_invoke(Object(LocalBusinessController), Object(CakeRequest), Object(CakeResponse))
#2 /home/mybuye4p/public_html/mybuy4u.co.in/app/webroot/index.php(111): Dispatcher->dispatch(Object(CakeRequest), Object(CakeResponse))
#3 {main}
2017-03-29 12:49:19 Error: [MissingControllerException] Controller class JsController could not be found.
Exception Attributes: array (
  'class' => 'JsController',
  'plugin' => NULL,
)
Request URL: /js/ckeditor/ckeditor.js
Stack Trace:
#0 /home/mybuye4p/public_html/mybuy4u.co.in/app/webroot/index.php(111): Dispatcher->dispatch(Object(CakeRequest), Object(CakeResponse))
#1 {main}
2017-03-29 12:49:20 Error: [MissingControllerException] Controller class JsController could not be found.
Exception Attributes: array (
  'class' => 'JsController',
  'plugin' => NULL,
)
Request URL: /js/tiny_mce/tiny_mce/tiny_mce.js
Stack Trace:
#0 /home/mybuye4p/public_html/mybuy4u.co.in/app/webroot/index.php(111): Dispatcher->dispatch(Object(CakeRequest), Object(CakeResponse))
#1 {main}
2017-03-29 13:01:10 Error: [MissingControllerException] Controller class JsController could not be found.
Exception Attributes: array (
  'class' => 'JsController',
  'plugin' => NULL,
)
Request URL: /js/ckeditor/ckeditor.js
Stack Trace:
#0 /home/mybuye4p/public_html/mybuy4u.co.in/app/webroot/index.php(111): Dispatcher->dispatch(Object(CakeRequest), Object(CakeResponse))
#1 {main}
2017-03-29 13:01:10 Error: [MissingActionException] Action LocalBusinessController::favicon.ico() could not be found.
Exception Attributes: array (
  'controller' => 'LocalBusinessController',
  'action' => 'favicon.ico',
)
Request URL: /local_business/favicon.ico
Stack Trace:
#0 /home/mybuye4p/public_html/mybuy4u.co.in/lib/Cake/Routing/Dispatcher.php(185): Controller->invokeAction(Object(CakeRequest))
#1 /home/mybuye4p/public_html/mybuy4u.co.in/lib/Cake/Routing/Dispatcher.php(160): Dispatcher->_invoke(Object(LocalBusinessController), Object(CakeRequest), Object(CakeResponse))
#2 /home/mybuye4p/public_html/mybuy4u.co.in/app/webroot/index.php(111): Dispatcher->dispatch(Object(CakeRequest), Object(CakeResponse))
#3 {main}
2017-03-29 13:01:11 Error: [MissingControllerException] Controller class JsController could not be found.
Exception Attributes: array (
  'class' => 'JsController',
  'plugin' => NULL,
)
Request URL: /js/tiny_mce/tiny_mce/tiny_mce.js
Stack Trace:
#0 /home/mybuye4p/public_html/mybuy4u.co.in/app/webroot/index.php(111): Dispatcher->dispatch(Object(CakeRequest), Object(CakeResponse))
#1 {main}
2017-03-29 13:01:12 Error: [MissingControllerException] Controller class ImagesController could not be found.
Exception Attributes: array (
  'class' => 'ImagesController',
  'plugin' => NULL,
)
Request URL: /images/main_content1.png
Stack Trace:
#0 /home/mybuye4p/public_html/mybuy4u.co.in/app/webroot/index.php(111): Dispatcher->dispatch(Object(CakeRequest), Object(CakeResponse))
#1 {main}
2017-03-29 13:06:53 Error: [MissingControllerException] Controller class JsController could not be found.
Exception Attributes: array (
  'class' => 'JsController',
  'plugin' => NULL,
)
Request URL: /js/ckeditor/ckeditor.js
Stack Trace:
#0 /home/mybuye4p/public_html/mybuy4u.co.in/app/webroot/index.php(111): Dispatcher->dispatch(Object(CakeRequest), Object(CakeResponse))
#1 {main}
2017-03-29 13:06:53 Error: [MissingControllerException] Controller class JsController could not be found.
Exception Attributes: array (
  'class' => 'JsController',
  'plugin' => NULL,
)
Request URL: /js/tiny_mce/tiny_mce/tiny_mce.js
Stack Trace:
#0 /home/mybuye4p/public_html/mybuy4u.co.in/app/webroot/index.php(111): Dispatcher->dispatch(Object(CakeRequest), Object(CakeResponse))
#1 {main}
2017-03-29 13:07:07 Error: [MissingControllerException] Controller class JsController could not be found.
Exception Attributes: array (
  'class' => 'JsController',
  'plugin' => NULL,
)
Request URL: /js/tiny_mce/tiny_mce/tiny_mce.js
Stack Trace:
#0 /home/mybuye4p/public_html/mybuy4u.co.in/app/webroot/index.php(111): Dispatcher->dispatch(Object(CakeRequest), Object(CakeResponse))
#1 {main}
2017-03-29 13:07:11 Error: [MissingControllerException] Controller class ImagesController could not be found.
Exception Attributes: array (
  'class' => 'ImagesController',
  'plugin' => NULL,
)
Request URL: /images/main_content1.png
Stack Trace:
#0 /home/mybuye4p/public_html/mybuy4u.co.in/app/webroot/index.php(111): Dispatcher->dispatch(Object(CakeRequest), Object(CakeResponse))
#1 {main}
2017-03-29 13:07:23 Error: [MissingActionException] Action HomesController::favicon.ico() could not be found.
Exception Attributes: array (
  'controller' => 'HomesController',
  'action' => 'favicon.ico',
)
Request URL: /homes/favicon.ico
Stack Trace:
#0 /home/mybuye4p/public_html/mybuy4u.co.in/lib/Cake/Routing/Dispatcher.php(185): Controller->invokeAction(Object(CakeRequest))
#1 /home/mybuye4p/public_html/mybuy4u.co.in/lib/Cake/Routing/Dispatcher.php(160): Dispatcher->_invoke(Object(HomesController), Object(CakeRequest), Object(CakeResponse))
#2 /home/mybuye4p/public_html/mybuy4u.co.in/app/webroot/index.php(111): Dispatcher->dispatch(Object(CakeRequest), Object(CakeResponse))
#3 {main}
2017-03-29 13:12:13 Error: [MissingControllerException] Controller class FurnituresController could not be found.
Exception Attributes: array (
  'class' => 'FurnituresController',
  'plugin' => NULL,
)
Request URL: /furnitures/shop_detail/1243/shop_tab.ctp
Stack Trace:
#0 /home/mybuye4p/public_html/mybuy4u.co.in/app/webroot/index.php(111): Dispatcher->dispatch(Object(CakeRequest), Object(CakeResponse))
#1 {main}
2017-03-30 05:04:04 Error: [MissingControllerException] Controller class JsController could not be found.
Exception Attributes: array (
  'class' => 'JsController',
  'plugin' => NULL,
)
Request URL: /js/ckeditor/ckeditor.js
Stack Trace:
#0 /home/mybuye4p/public_html/mybuy4u.co.in/app/webroot/index.php(111): Dispatcher->dispatch(Object(CakeRequest), Object(CakeResponse))
#1 {main}
2017-03-30 05:04:04 Error: [MissingControllerException] Controller class JsController could not be found.
Exception Attributes: array (
  'class' => 'JsController',
  'plugin' => NULL,
)
Request URL: /js/tiny_mce/tiny_mce/tiny_mce.js
Stack Trace:
#0 /home/mybuye4p/public_html/mybuy4u.co.in/app/webroot/index.php(111): Dispatcher->dispatch(Object(CakeRequest), Object(CakeResponse))
#1 {main}
2017-03-30 05:04:10 Error: [MissingControllerException] Controller class JsController could not be found.
Exception Attributes: array (
  'class' => 'JsController',
  'plugin' => NULL,
)
Request URL: /js/tiny_mce/tiny_mce/tiny_mce.js
Stack Trace:
#0 /home/mybuye4p/public_html/mybuy4u.co.in/app/webroot/index.php(111): Dispatcher->dispatch(Object(CakeRequest), Object(CakeResponse))
#1 {main}
2017-03-30 05:04:20 Error: [MissingControllerException] Controller class ImagesController could not be found.
Exception Attributes: array (
  'class' => 'ImagesController',
  'plugin' => NULL,
)
Request URL: /images/main_content1.png
Stack Trace:
#0 /home/mybuye4p/public_html/mybuy4u.co.in/app/webroot/index.php(111): Dispatcher->dispatch(Object(CakeRequest), Object(CakeResponse))
#1 {main}
2017-03-30 05:04:24 Error: [MissingActionException] Action HomesController::favicon.ico() could not be found.
Exception Attributes: array (
  'controller' => 'HomesController',
  'action' => 'favicon.ico',
)
Request URL: /homes/favicon.ico
Stack Trace:
#0 /home/mybuye4p/public_html/mybuy4u.co.in/lib/Cake/Routing/Dispatcher.php(185): Controller->invokeAction(Object(CakeRequest))
#1 /home/mybuye4p/public_html/mybuy4u.co.in/lib/Cake/Routing/Dispatcher.php(160): Dispatcher->_invoke(Object(HomesController), Object(CakeRequest), Object(CakeResponse))
#2 /home/mybuye4p/public_html/mybuy4u.co.in/app/webroot/index.php(111): Dispatcher->dispatch(Object(CakeRequest), Object(CakeResponse))
#3 {main}
2017-03-30 05:04:35 Error: [MissingControllerException] Controller class JsController could not be found.
Exception Attributes: array (
  'class' => 'JsController',
  'plugin' => NULL,
)
Request URL: /js/ckeditor/ckeditor.js
Stack Trace:
#0 /home/mybuye4p/public_html/mybuy4u.co.in/app/webroot/index.php(111): Dispatcher->dispatch(Object(CakeRequest), Object(CakeResponse))
#1 {main}
2017-03-30 05:04:36 Error: [MissingControllerException] Controller class JsController could not be found.
Exception Attributes: array (
  'class' => 'JsController',
  'plugin' => NULL,
)
Request URL: /js/tiny_mce/tiny_mce/tiny_mce.js
Stack Trace:
#0 /home/mybuye4p/public_html/mybuy4u.co.in/app/webroot/index.php(111): Dispatcher->dispatch(Object(CakeRequest), Object(CakeResponse))
#1 {main}
2017-03-30 05:04:37 Error: [MissingControllerException] Controller class JsController could not be found.
Exception Attributes: array (
  'class' => 'JsController',
  'plugin' => NULL,
)
Request URL: /js/tiny_mce/tiny_mce/tiny_mce.js
Stack Trace:
#0 /home/mybuye4p/public_html/mybuy4u.co.in/app/webroot/index.php(111): Dispatcher->dispatch(Object(CakeRequest), Object(CakeResponse))
#1 {main}
2017-03-30 05:04:38 Error: [MissingControllerException] Controller class ImagesController could not be found.
Exception Attributes: array (
  'class' => 'ImagesController',
  'plugin' => NULL,
)
Request URL: /images/main_content1.png
Stack Trace:
#0 /home/mybuye4p/public_html/mybuy4u.co.in/app/webroot/index.php(111): Dispatcher->dispatch(Object(CakeRequest), Object(CakeResponse))
#1 {main}
2017-03-30 05:04:58 Error: [MissingControllerException] Controller class JsController could not be found.
Exception Attributes: array (
  'class' => 'JsController',
  'plugin' => NULL,
)
Request URL: /js/ckeditor/ckeditor.js
Stack Trace:
#0 /home/mybuye4p/public_html/mybuy4u.co.in/app/webroot/index.php(111): Dispatcher->dispatch(Object(CakeRequest), Object(CakeResponse))
#1 {main}
2017-03-30 05:04:58 Error: [MissingControllerException] Controller class JsController could not be found.
Exception Attributes: array (
  'class' => 'JsController',
  'plugin' => NULL,
)
Request URL: /js/tiny_mce/tiny_mce/tiny_mce.js
Stack Trace:
#0 /home/mybuye4p/public_html/mybuy4u.co.in/app/webroot/index.php(111): Dispatcher->dispatch(Object(CakeRequest), Object(CakeResponse))
#1 {main}
2017-03-30 05:04:59 Error: [MissingControllerException] Controller class JsController could not be found.
Exception Attributes: array (
  'class' => 'JsController',
  'plugin' => NULL,
)
Request URL: /js/tiny_mce/tiny_mce/tiny_mce.js
Stack Trace:
#0 /home/mybuye4p/public_html/mybuy4u.co.in/app/webroot/index.php(111): Dispatcher->dispatch(Object(CakeRequest), Object(CakeResponse))
#1 {main}
2017-03-30 05:04:59 Error: [MissingControllerException] Controller class ImagesController could not be found.
Exception Attributes: array (
  'class' => 'ImagesController',
  'plugin' => NULL,
)
Request URL: /images/main_content1.png
Stack Trace:
#0 /home/mybuye4p/public_html/mybuy4u.co.in/app/webroot/index.php(111): Dispatcher->dispatch(Object(CakeRequest), Object(CakeResponse))
#1 {main}
2017-03-30 05:05:02 Error: [MissingActionException] Action HomesController::favicon.ico() could not be found.
Exception Attributes: array (
  'controller' => 'HomesController',
  'action' => 'favicon.ico',
)
Request URL: /homes/favicon.ico
Stack Trace:
#0 /home/mybuye4p/public_html/mybuy4u.co.in/lib/Cake/Routing/Dispatcher.php(185): Controller->invokeAction(Object(CakeRequest))
#1 /home/mybuye4p/public_html/mybuy4u.co.in/lib/Cake/Routing/Dispatcher.php(160): Dispatcher->_invoke(Object(HomesController), Object(CakeRequest), Object(CakeResponse))
#2 /home/mybuye4p/public_html/mybuy4u.co.in/app/webroot/index.php(111): Dispatcher->dispatch(Object(CakeRequest), Object(CakeResponse))
#3 {main}
2017-03-30 05:07:00 Error: [MissingControllerException] Controller class JsController could not be found.
Exception Attributes: array (
  'class' => 'JsController',
  'plugin' => NULL,
)
Request URL: /js/ckeditor/ckeditor.js
Stack Trace:
#0 /home/mybuye4p/public_html/mybuy4u.co.in/app/webroot/index.php(111): Dispatcher->dispatch(Object(CakeRequest), Object(CakeResponse))
#1 {main}
2017-03-30 05:07:00 Error: [MissingControllerException] Controller class JsController could not be found.
Exception Attributes: array (
  'class' => 'JsController',
  'plugin' => NULL,
)
Request URL: /js/tiny_mce/tiny_mce/tiny_mce.js
Stack Trace:
#0 /home/mybuye4p/public_html/mybuy4u.co.in/app/webroot/index.php(111): Dispatcher->dispatch(Object(CakeRequest), Object(CakeResponse))
#1 {main}
2017-03-30 05:07:02 Error: [MissingControllerException] Controller class JsController could not be found.
Exception Attributes: array (
  'class' => 'JsController',
  'plugin' => NULL,
)
Request URL: /js/tiny_mce/tiny_mce/tiny_mce.js
Stack Trace:
#0 /home/mybuye4p/public_html/mybuy4u.co.in/app/webroot/index.php(111): Dispatcher->dispatch(Object(CakeRequest), Object(CakeResponse))
#1 {main}
2017-03-30 05:07:02 Error: [MissingControllerException] Controller class ImagesController could not be found.
Exception Attributes: array (
  'class' => 'ImagesController',
  'plugin' => NULL,
)
Request URL: /images/main_content1.png
Stack Trace:
#0 /home/mybuye4p/public_html/mybuy4u.co.in/app/webroot/index.php(111): Dispatcher->dispatch(Object(CakeRequest), Object(CakeResponse))
#1 {main}
2017-03-30 05:09:31 Error: [MissingControllerException] Controller class Robots.txtController could not be found.
Exception Attributes: array (
  'class' => 'Robots.txtController',
  'plugin' => NULL,
)
Request URL: /robots.txt
Stack Trace:
#0 /home/mybuye4p/public_html/mybuy4u.co.in/app/webroot/index.php(111): Dispatcher->dispatch(Object(CakeRequest), Object(CakeResponse))
#1 {main}
2017-03-30 05:09:33 Error: [MissingControllerException] Controller class RTextController could not be found.
Exception Attributes: array (
  'class' => 'RTextController',
  'plugin' => NULL,
)
Request URL: /r_text/2217/%3C!--http://localhost/soar_demo/homes/home_sale_detail--%3E
Stack Trace:
#0 /home/mybuye4p/public_html/mybuy4u.co.in/app/webroot/index.php(111): Dispatcher->dispatch(Object(CakeRequest), Object(CakeResponse))
#1 {main}
2017-03-30 05:09:38 Error: [MissingControllerException] Controller class RTextController could not be found.
Exception Attributes: array (
  'class' => 'RTextController',
  'plugin' => NULL,
)
Request URL: /r_text/2218/%3C!--http://localhost/soar_demo/homes/home_sale_detail--%3E
Stack Trace:
#0 /home/mybuye4p/public_html/mybuy4u.co.in/app/webroot/index.php(111): Dispatcher->dispatch(Object(CakeRequest), Object(CakeResponse))
#1 {main}
2017-03-30 05:09:42 Error: [MissingControllerException] Controller class RTextController could not be found.
Exception Attributes: array (
  'class' => 'RTextController',
  'plugin' => NULL,
)
Request URL: /r_text/2219/%3C!--http://localhost/soar_demo/homes/home_sale_detail--%3E
Stack Trace:
#0 /home/mybuye4p/public_html/mybuy4u.co.in/app/webroot/index.php(111): Dispatcher->dispatch(Object(CakeRequest), Object(CakeResponse))
#1 {main}
2017-03-30 05:22:44 Error: [MissingControllerException] Controller class JsController could not be found.
Exception Attributes: array (
  'class' => 'JsController',
  'plugin' => NULL,
)
Request URL: /js/ckeditor/ckeditor.js
Stack Trace:
#0 /home/mybuye4p/public_html/mybuy4u.co.in/app/webroot/index.php(111): Dispatcher->dispatch(Object(CakeRequest), Object(CakeResponse))
#1 {main}
2017-03-30 05:22:46 Error: [MissingControllerException] Controller class JsController could not be found.
Exception Attributes: array (
  'class' => 'JsController',
  'plugin' => NULL,
)
Request URL: /js/tiny_mce/tiny_mce/tiny_mce.js
Stack Trace:
#0 /home/mybuye4p/public_html/mybuy4u.co.in/app/webroot/index.php(111): Dispatcher->dispatch(Object(CakeRequest), Object(CakeResponse))
#1 {main}
2017-03-30 05:22:54 Error: [MissingControllerException] Controller class JsController could not be found.
Exception Attributes: array (
  'class' => 'JsController',
  'plugin' => NULL,
)
Request URL: /js/tiny_mce/tiny_mce/tiny_mce.js
Stack Trace:
#0 /home/mybuye4p/public_html/mybuy4u.co.in/app/webroot/index.php(111): Dispatcher->dispatch(Object(CakeRequest), Object(CakeResponse))
#1 {main}
2017-03-30 05:23:02 Error: [MissingControllerException] Controller class ImagesController could not be found.
Exception Attributes: array (
  'class' => 'ImagesController',
  'plugin' => NULL,
)
Request URL: /images/main_content1.png
Stack Trace:
#0 /home/mybuye4p/public_html/mybuy4u.co.in/app/webroot/index.php(111): Dispatcher->dispatch(Object(CakeRequest), Object(CakeResponse))
#1 {main}
2017-03-30 05:23:05 Error: [MissingActionException] Action HomesController::favicon.ico() could not be found.
Exception Attributes: array (
  'controller' => 'HomesController',
  'action' => 'favicon.ico',
)
Request URL: /homes/favicon.ico
Stack Trace:
#0 /home/mybuye4p/public_html/mybuy4u.co.in/lib/Cake/Routing/Dispatcher.php(185): Controller->invokeAction(Object(CakeRequest))
#1 /home/mybuye4p/public_html/mybuy4u.co.in/lib/Cake/Routing/Dispatcher.php(160): Dispatcher->_invoke(Object(HomesController), Object(CakeRequest), Object(CakeResponse))
#2 /home/mybuye4p/public_html/mybuy4u.co.in/app/webroot/index.php(111): Dispatcher->dispatch(Object(CakeRequest), Object(CakeResponse))
#3 {main}
